<?xml version="1.0" encoding="UTF-8"?>
<testsuite xmlns:xsi="http://www.w3.org/2001/XMLSchema-instance" xsi:noNamespaceSchemaLocation="https://maven.apache.org/surefire/maven-surefire-plugin/xsd/surefire-test-report.xsd" name="com.hashmapinc.tempus.processors.sample.CSProcessorTest" time="0.16" tests="1" errors="0" skipped="0" failures="0">
  <properties>
    <property name="java.specification.version" value="13"/>
    <property name="sun.cpu.isalist" value="amd64"/>
    <property name="sun.jnu.encoding" value="Cp1252"/>
    <property name="java.class.path" value="C:\Users\processor\sample-processor\nifi-sample-processors\target\test-classes;C:\Users\processor\sample-processor\nifi-sample-processors\target\classes;C:\Users\processor\sample-processor\nifi-sample\target\nifi-sample-1.0-SNAPSHOT.jar;C:\Users\processor\sample-processor\nifi-sample-api\target\nifi-sample-api-1.0-SNAPSHOT.jar;C:\Users\MEGHA_MUNDRA\.m2\repository\org\apache\nifi\nifi-processor-utils\1.11.3\nifi-processor-utils-1.11.3.jar;C:\Users\MEGHA_MUNDRA\.m2\repository\org\apache\nifi\nifi-security-utils\1.11.3\nifi-security-utils-1.11.3.jar;C:\Users\MEGHA_MUNDRA\.m2\repository\org\apache\commons\commons-lang3\3.8.1\commons-lang3-3.8.1.jar;C:\Users\MEGHA_MUNDRA\.m2\repository\commons-codec\commons-codec\1.12\commons-codec-1.12.jar;C:\Users\MEGHA_MUNDRA\.m2\repository\org\bouncycastle\bcpkix-jdk15on\1.61\bcpkix-jdk15on-1.61.jar;C:\Users\MEGHA_MUNDRA\.m2\repository\de\svenkubiak\jBCrypt\0.4.1\jBCrypt-0.4.1.jar;C:\Users\MEGHA_MUNDRA\.m2\repository\org\apache\commons\commons-configuration2\2.4\commons-configuration2-2.4.jar;C:\Users\MEGHA_MUNDRA\.m2\repository\commons-logging\commons-logging\1.2\commons-logging-1.2.jar;C:\Users\MEGHA_MUNDRA\.m2\repository\com\sun\activation\javax.activation\1.2.0\javax.activation-1.2.0.jar;C:\Users\MEGHA_MUNDRA\.m2\repository\commons-io\commons-io\2.6\commons-io-2.6.jar;C:\Users\MEGHA_MUNDRA\.m2\repository\com\fasterxml\jackson\core\jackson-databind\2.9.10.1\jackson-databind-2.9.10.1.jar;C:\Users\MEGHA_MUNDRA\.m2\repository\com\fasterxml\jackson\core\jackson-annotations\2.9.10\jackson-annotations-2.9.10.jar;C:\Users\MEGHA_MUNDRA\.m2\repository\com\fasterxml\jackson\core\jackson-core\2.9.10\jackson-core-2.9.10.jar;C:\Users\MEGHA_MUNDRA\.m2\repository\org\apache\nifi\nifi-api\1.11.3\nifi-api-1.11.3.jar;C:\Users\MEGHA_MUNDRA\.m2\repository\org\apache\nifi\nifi-utils\1.11.3\nifi-utils-1.11.3.jar;C:\Users\MEGHA_MUNDRA\.m2\repository\javax\xml\bind\jaxb-api\2.3.0\jaxb-api-2.3.0.jar;C:\Users\MEGHA_MUNDRA\.m2\repository\com\sun\xml\bind\jaxb-core\2.3.0\jaxb-core-2.3.0.jar;C:\Users\MEGHA_MUNDRA\.m2\repository\com\sun\xml\bind\jaxb-impl\2.3.0\jaxb-impl-2.3.0.jar;C:\Users\MEGHA_MUNDRA\.m2\repository\org\apache\nifi\nifi-mock\1.11.3\nifi-mock-1.11.3.jar;C:\Users\MEGHA_MUNDRA\.m2\repository\org\apache\nifi\nifi-framework-api\1.11.3\nifi-framework-api-1.11.3.jar;C:\Users\MEGHA_MUNDRA\.m2\repository\org\apache\nifi\nifi-parameter\1.11.3\nifi-parameter-1.11.3.jar;C:\Users\MEGHA_MUNDRA\.m2\repository\org\apache\nifi\nifi-expression-language\1.11.3\nifi-expression-language-1.11.3.jar;C:\Users\MEGHA_MUNDRA\.m2\repository\org\antlr\antlr-runtime\3.5.2\antlr-runtime-3.5.2.jar;C:\Users\MEGHA_MUNDRA\.m2\repository\com\jayway\jsonpath\json-path\2.4.0\json-path-2.4.0.jar;C:\Users\MEGHA_MUNDRA\.m2\repository\net\minidev\json-smart\2.3\json-smart-2.3.jar;C:\Users\MEGHA_MUNDRA\.m2\repository\net\minidev\accessors-smart\1.2\accessors-smart-1.2.jar;C:\Users\MEGHA_MUNDRA\.m2\repository\org\ow2\asm\asm\5.0.4\asm-5.0.4.jar;C:\Users\MEGHA_MUNDRA\.m2\repository\org\apache\commons\commons-text\1.8\commons-text-1.8.jar;C:\Users\MEGHA_MUNDRA\.m2\repository\org\apache\nifi\nifi-data-provenance-utils\1.11.3\nifi-data-provenance-utils-1.11.3.jar;C:\Users\MEGHA_MUNDRA\.m2\repository\org\bouncycastle\bcprov-jdk15on\1.61\bcprov-jdk15on-1.61.jar;C:\Users\MEGHA_MUNDRA\.m2\repository\org\apache\nifi\nifi-properties-loader\1.11.3\nifi-properties-loader-1.11.3.jar;C:\Users\MEGHA_MUNDRA\.m2\repository\org\apache\nifi\nifi-properties\1.11.3\nifi-properties-1.11.3.jar;C:\Users\MEGHA_MUNDRA\.m2\repository\org\slf4j\slf4j-simple\1.7.26\slf4j-simple-1.7.26.jar;C:\Users\MEGHA_MUNDRA\.m2\repository\org\slf4j\slf4j-api\1.7.26\slf4j-api-1.7.26.jar;C:\Users\MEGHA_MUNDRA\.m2\repository\junit\junit\4.13\junit-4.13.jar;C:\Users\MEGHA_MUNDRA\.m2\repository\org\hamcrest\hamcrest-core\1.3\hamcrest-core-1.3.jar;C:\Users\MEGHA_MUNDRA\.m2\repository\org\mockito\mockito-core\2.28.2\mockito-core-2.28.2.jar;C:\Users\MEGHA_MUNDRA\.m2\repository\net\bytebuddy\byte-buddy\1.9.10\byte-buddy-1.9.10.jar;C:\Users\MEGHA_MUNDRA\.m2\repository\net\bytebuddy\byte-buddy-agent\1.9.10\byte-buddy-agent-1.9.10.jar;C:\Users\MEGHA_MUNDRA\.m2\repository\org\objenesis\objenesis\2.6\objenesis-2.6.jar;C:\Users\MEGHA_MUNDRA\.m2\repository\org\codehaus\groovy\groovy-test\2.5.4\groovy-test-2.5.4.jar;C:\Users\MEGHA_MUNDRA\.m2\repository\org\codehaus\groovy\groovy\2.5.4\groovy-2.5.4.jar;"/>
    <property name="java.vm.vendor" value="Oracle Corporation"/>
    <property name="sun.arch.data.model" value="64"/>
    <property name="user.variant" value=""/>
    <property name="java.vendor.url" value="https://java.oracle.com/"/>
    <property name="user.timezone" value="Asia/Calcutta"/>
    <property name="os.name" value="Windows 8.1"/>
    <property name="java.vm.specification.version" value="13"/>
    <property name="sun.java.launcher" value="SUN_STANDARD"/>
    <property name="user.country" value="US"/>
    <property name="sun.boot.library.path" value="C:\Program Files\Java\jdk-13.0.2\bin"/>
    <property name="sun.java.command" value="C:\Users\MEGHA_~1\AppData\Local\Temp\surefire7766444613283323166\surefirebooter1168895265140807780.jar C:\Users\MEGHA_MUNDRA\AppData\Local\Temp\surefire7766444613283323166 2020-03-18T12-30-23_418-jvmRun1 surefire4023756242784923560tmp surefire_115946711773532866381tmp"/>
    <property name="jdk.debug" value="release"/>
    <property name="surefire.test.class.path" value="C:\Users\processor\sample-processor\nifi-sample-processors\target\test-classes;C:\Users\processor\sample-processor\nifi-sample-processors\target\classes;C:\Users\processor\sample-processor\nifi-sample\target\nifi-sample-1.0-SNAPSHOT.jar;C:\Users\processor\sample-processor\nifi-sample-api\target\nifi-sample-api-1.0-SNAPSHOT.jar;C:\Users\MEGHA_MUNDRA\.m2\repository\org\apache\nifi\nifi-processor-utils\1.11.3\nifi-processor-utils-1.11.3.jar;C:\Users\MEGHA_MUNDRA\.m2\repository\org\apache\nifi\nifi-security-utils\1.11.3\nifi-security-utils-1.11.3.jar;C:\Users\MEGHA_MUNDRA\.m2\repository\org\apache\commons\commons-lang3\3.8.1\commons-lang3-3.8.1.jar;C:\Users\MEGHA_MUNDRA\.m2\repository\commons-codec\commons-codec\1.12\commons-codec-1.12.jar;C:\Users\MEGHA_MUNDRA\.m2\repository\org\bouncycastle\bcpkix-jdk15on\1.61\bcpkix-jdk15on-1.61.jar;C:\Users\MEGHA_MUNDRA\.m2\repository\de\svenkubiak\jBCrypt\0.4.1\jBCrypt-0.4.1.jar;C:\Users\MEGHA_MUNDRA\.m2\repository\org\apache\commons\commons-configuration2\2.4\commons-configuration2-2.4.jar;C:\Users\MEGHA_MUNDRA\.m2\repository\commons-logging\commons-logging\1.2\commons-logging-1.2.jar;C:\Users\MEGHA_MUNDRA\.m2\repository\com\sun\activation\javax.activation\1.2.0\javax.activation-1.2.0.jar;C:\Users\MEGHA_MUNDRA\.m2\repository\commons-io\commons-io\2.6\commons-io-2.6.jar;C:\Users\MEGHA_MUNDRA\.m2\repository\com\fasterxml\jackson\core\jackson-databind\2.9.10.1\jackson-databind-2.9.10.1.jar;C:\Users\MEGHA_MUNDRA\.m2\repository\com\fasterxml\jackson\core\jackson-annotations\2.9.10\jackson-annotations-2.9.10.jar;C:\Users\MEGHA_MUNDRA\.m2\repository\com\fasterxml\jackson\core\jackson-core\2.9.10\jackson-core-2.9.10.jar;C:\Users\MEGHA_MUNDRA\.m2\repository\org\apache\nifi\nifi-api\1.11.3\nifi-api-1.11.3.jar;C:\Users\MEGHA_MUNDRA\.m2\repository\org\apache\nifi\nifi-utils\1.11.3\nifi-utils-1.11.3.jar;C:\Users\MEGHA_MUNDRA\.m2\repository\javax\xml\bind\jaxb-api\2.3.0\jaxb-api-2.3.0.jar;C:\Users\MEGHA_MUNDRA\.m2\repository\com\sun\xml\bind\jaxb-core\2.3.0\jaxb-core-2.3.0.jar;C:\Users\MEGHA_MUNDRA\.m2\repository\com\sun\xml\bind\jaxb-impl\2.3.0\jaxb-impl-2.3.0.jar;C:\Users\MEGHA_MUNDRA\.m2\repository\org\apache\nifi\nifi-mock\1.11.3\nifi-mock-1.11.3.jar;C:\Users\MEGHA_MUNDRA\.m2\repository\org\apache\nifi\nifi-framework-api\1.11.3\nifi-framework-api-1.11.3.jar;C:\Users\MEGHA_MUNDRA\.m2\repository\org\apache\nifi\nifi-parameter\1.11.3\nifi-parameter-1.11.3.jar;C:\Users\MEGHA_MUNDRA\.m2\repository\org\apache\nifi\nifi-expression-language\1.11.3\nifi-expression-language-1.11.3.jar;C:\Users\MEGHA_MUNDRA\.m2\repository\org\antlr\antlr-runtime\3.5.2\antlr-runtime-3.5.2.jar;C:\Users\MEGHA_MUNDRA\.m2\repository\com\jayway\jsonpath\json-path\2.4.0\json-path-2.4.0.jar;C:\Users\MEGHA_MUNDRA\.m2\repository\net\minidev\json-smart\2.3\json-smart-2.3.jar;C:\Users\MEGHA_MUNDRA\.m2\repository\net\minidev\accessors-smart\1.2\accessors-smart-1.2.jar;C:\Users\MEGHA_MUNDRA\.m2\repository\org\ow2\asm\asm\5.0.4\asm-5.0.4.jar;C:\Users\MEGHA_MUNDRA\.m2\repository\org\apache\commons\commons-text\1.8\commons-text-1.8.jar;C:\Users\MEGHA_MUNDRA\.m2\repository\org\apache\nifi\nifi-data-provenance-utils\1.11.3\nifi-data-provenance-utils-1.11.3.jar;C:\Users\MEGHA_MUNDRA\.m2\repository\org\bouncycastle\bcprov-jdk15on\1.61\bcprov-jdk15on-1.61.jar;C:\Users\MEGHA_MUNDRA\.m2\repository\org\apache\nifi\nifi-properties-loader\1.11.3\nifi-properties-loader-1.11.3.jar;C:\Users\MEGHA_MUNDRA\.m2\repository\org\apache\nifi\nifi-properties\1.11.3\nifi-properties-1.11.3.jar;C:\Users\MEGHA_MUNDRA\.m2\repository\org\slf4j\slf4j-simple\1.7.26\slf4j-simple-1.7.26.jar;C:\Users\MEGHA_MUNDRA\.m2\repository\org\slf4j\slf4j-api\1.7.26\slf4j-api-1.7.26.jar;C:\Users\MEGHA_MUNDRA\.m2\repository\junit\junit\4.13\junit-4.13.jar;C:\Users\MEGHA_MUNDRA\.m2\repository\org\hamcrest\hamcrest-core\1.3\hamcrest-core-1.3.jar;C:\Users\MEGHA_MUNDRA\.m2\repository\org\mockito\mockito-core\2.28.2\mockito-core-2.28.2.jar;C:\Users\MEGHA_MUNDRA\.m2\repository\net\bytebuddy\byte-buddy\1.9.10\byte-buddy-1.9.10.jar;C:\Users\MEGHA_MUNDRA\.m2\repository\net\bytebuddy\byte-buddy-agent\1.9.10\byte-buddy-agent-1.9.10.jar;C:\Users\MEGHA_MUNDRA\.m2\repository\org\objenesis\objenesis\2.6\objenesis-2.6.jar;C:\Users\MEGHA_MUNDRA\.m2\repository\org\codehaus\groovy\groovy-test\2.5.4\groovy-test-2.5.4.jar;C:\Users\MEGHA_MUNDRA\.m2\repository\org\codehaus\groovy\groovy\2.5.4\groovy-2.5.4.jar;"/>
    <property name="sun.cpu.endian" value="little"/>
    <property name="user.home" value="C:\Users\MEGHA_MUNDRA"/>
    <property name="user.language" value="en"/>
    <property name="java.specification.vendor" value="Oracle Corporation"/>
    <property name="java.version.date" value="2020-01-14"/>
    <property name="java.home" value="C:\Program Files\Java\jdk-13.0.2"/>
    <property name="file.separator" value="\"/>
    <property name="basedir" value="C:\Users\processor\sample-processor\nifi-sample-processors"/>
    <property name="java.vm.compressedOopsMode" value="32-bit"/>
    <property name="line.separator" value="&#10;"/>
    <property name="java.vm.specification.vendor" value="Oracle Corporation"/>
    <property name="java.specification.name" value="Java Platform API Specification"/>
    <property name="java.awt.headless" value="true"/>
    <property name="surefire.real.class.path" value="C:\Users\MEGHA_~1\AppData\Local\Temp\surefire7766444613283323166\surefirebooter1168895265140807780.jar"/>
    <property name="user.script" value=""/>
    <property name="sun.management.compiler" value="HotSpot 64-Bit Tiered Compilers"/>
    <property name="java.runtime.version" value="13.0.2+8"/>
    <property name="java.net.preferIPv4Stack" value="true"/>
    <property name="user.name" value="megha_mundra"/>
    <property name="path.separator" value=";"/>
    <property name="os.version" value="6.3"/>
    <property name="java.runtime.name" value="Java(TM) SE Runtime Environment"/>
    <property name="file.encoding" value="UTF-8"/>
    <property name="java.vm.name" value="Java HotSpot(TM) 64-Bit Server VM"/>
    <property name="localRepository" value="C:\Users\MEGHA_MUNDRA\.m2\repository"/>
    <property name="java.vendor.url.bug" value="https://bugreport.java.com/bugreport/"/>
    <property name="java.io.tmpdir" value="C:\Users\MEGHA_~1\AppData\Local\Temp\"/>
    <property name="java.version" value="13.0.2"/>
    <property name="user.dir" value="C:\Users\processor\sample-processor\nifi-sample-processors"/>
    <property name="os.arch" value="amd64"/>
    <property name="java.vm.specification.name" value="Java Virtual Machine Specification"/>
    <property name="sun.os.patch.level" value=""/>
    <property name="java.library.path" value="C:\Program Files\Java\jdk-13.0.2\bin;C:\Windows\Sun\Java\bin;C:\Windows\system32;C:\Windows;C:\Program Files\Java\jdk-13.0.2;C:\Program Files\Java\jdk-13.0.2\bin;C:\apache-maven-3.6.3-bin\apache-maven-3.6.3\bin;C:\Windows\System32;F:\PUBUTIL;C:\kafka\bin\windows;C:\Windows\System32\wbem\;%PATH%;C:\Program Files\PuTTY\;C:\Program Files (x86)\Box\Box Edit\;;\\snl\files\SNLCentral\Applications;C:\Users\MEGHA_MUNDRA\AppData\Local\Programs\Microsoft VS Code\bin;."/>
    <property name="java.vm.info" value="mixed mode, sharing"/>
    <property name="java.vendor" value="Oracle Corporation"/>
    <property name="java.vm.version" value="13.0.2+8"/>
    <property name="sun.io.unicode.encoding" value="UnicodeLittle"/>
    <property name="java.class.version" value="57.0"/>
  </properties>
  <testcase name="testProcessor" classname="com.hashmapinc.tempus.processors.sample.CSProcessorTest" time="0.112"/>
</testsuite>